0.000      nan
0.010   0.0000
0.020   0.0000
0.030   0.0000
0.040   0.0000
0.050   0.0000
0.060   0.0000
0.070   0.0000
0.080   0.0000
0.090   0.0000
0.100   0.0000
0.110   0.0000
0.120   0.0000
0.130   0.0000
0.140   0.0000
0.150   0.0000
0.160   0.0000
0.170   0.0000
0.180   0.0000
0.190   0.0000
0.200   0.0000
0.210   0.0000
0.220   0.0000
0.230   0.0000
0.240   0.0000
0.250   0.0000
0.260   0.0000
0.270   0.0000
0.280   0.0000
0.290   0.0000
0.300   0.0000
0.310   0.0000
0.320   0.0000
0.330   0.0000
0.340   0.0000
0.350   0.0000
0.360   0.0000
0.370   0.0000
0.380   0.0000
0.390   0.0000
0.400   0.0000
0.410   0.0000
0.420   0.0000
0.430   0.0000
0.440   0.0000
0.450   0.0000
0.460   0.0000
0.470   0.0000
0.480   0.0000
0.490   0.0000
0.500   0.0000
0.510   0.0000
0.520   0.0000
0.530   0.0000
0.540   0.0000
0.550   0.0000
0.560   0.0000
0.570   0.0000
0.580   0.0000
0.590   0.0000
0.600   0.0000
0.610   0.0000
0.620   0.0000
0.630   0.0000
0.640   0.0000
0.650   0.0000
0.660   0.0000
0.670   0.0000
0.680   0.0000
0.690   0.0000
0.700   0.0000
0.710   0.0000
0.720   0.0000
0.730   0.0000
0.740   0.0000
0.750   0.0000
0.760   0.0000
0.770   0.0000
0.780   0.0000
0.790   0.0000
0.800   0.0000
0.810   0.0000
0.820   0.0000
0.830   0.0000
0.840   0.0000
0.850   0.0000
0.860   0.0000
0.870   0.0000
0.880   0.0000
0.890   0.0000
0.900   0.0000
0.910   0.0000
0.920   0.0000
0.930   0.0000
0.940   0.0000
0.950   0.0000
0.960   0.0000
0.970   0.0000
0.980   0.0000
0.990   0.0000
1.000   0.0000
1.010   0.0000
1.020   0.0000
1.030   0.0000
1.040   0.0000
1.050   0.0000
1.060   0.0000
1.070   0.0000
1.080   0.0000
1.090   0.0000
1.100   0.0000
1.110   0.0000
1.120   0.0000
1.130   0.0000
1.140   0.0000
1.150   0.0000
1.160   0.0000
1.170   0.0000
1.180   0.0000
1.190   0.0000
1.200   0.0000
1.210   0.0000
1.220   0.0000
1.230   0.0000
1.240   0.0000
1.250   0.0000
1.260   0.0000
1.270   0.0000
1.280   0.0000
1.290   0.0000
1.300   0.0000
1.310   0.0000
1.320   0.0000
1.330   0.0000
1.340   0.0000
1.350   0.0000
1.360   0.0000
1.370   0.0000
1.380   0.0000
1.390   0.0000
1.400   0.0000
1.410   0.0000
1.420   0.0000
1.430   0.0000
1.440   0.0000
1.450   0.0000
1.460   0.0000
1.470   0.0000
1.480   0.0000
1.490   0.0000
1.500   0.0000
1.510   0.0000
1.520   0.0000
1.530   0.0000
1.540   0.0000
1.550   0.0000
1.560   0.0000
1.570   0.0000
1.580   0.0000
1.590   0.0000
1.600   0.0000
1.610   0.0000
1.620   0.0000
1.630   0.0000
1.640   0.0000
1.650   0.0000
1.660   0.0000
1.670   0.0000
1.680   0.0000
1.690   0.0000
1.700   0.0000
1.710   0.0000
1.720   0.0000
1.730   0.0000
1.740   0.0000
1.750   0.0000
1.760   0.0000
1.770   0.0000
1.780   0.0000
1.790   0.0000
1.800   0.0000
1.810   0.0000
1.820   0.0000
1.830   0.0000
1.840   0.0000
1.850   0.0000
1.860   0.0000
1.870   0.0000
1.880   0.0000
1.890   0.0000
1.900   0.0000
1.910   0.0000
1.920   0.0000
1.930   0.0000
1.940   0.0000
1.950   0.0000
1.960   0.0000
1.970   0.0000
1.980   0.0000
1.990   0.0000
2.000   0.0000
2.010   0.0000
2.020   0.0000
2.030   0.0000
2.040   0.0000
2.050   0.0000
2.060   0.0000
2.070   0.0000
2.080   0.0000
2.090   0.0000
2.100   0.0000
2.110   0.0000
2.120   0.0000
2.130   0.0000
2.140   0.0000
2.150   0.0000
2.160   0.0000
2.170   0.0000
2.180   0.0000
2.190   0.0000
2.200   0.0000
2.210   0.0000
2.220   0.0000
2.230   0.0000
2.240   0.0000
2.250   0.0000
2.260   0.0000
2.270   0.0000
2.280   0.0000
2.290   0.0000
2.300   0.0000
2.310   0.0000
2.320   0.0000
2.330   0.0000
2.340   0.0000
2.350   0.0000
2.360   0.0000
2.370   0.0000
2.380   0.0000
2.390   0.0000
2.400   0.0000
2.410   0.0000
2.420   0.0000
2.430   0.0000
2.440   0.0000
2.450   0.0000
2.460   0.0000
2.470   0.0197
2.480   0.0098
2.490   0.1258
2.500   0.0576
2.510   0.0762
2.520   0.3118
2.530   0.1406
2.540   0.5860
2.550   0.4153
2.560   0.5311
2.570   0.7722
2.580   1.0097
2.590   0.9482
2.600   1.2516
2.610   1.5063
2.620   1.4337
2.630   1.3707
2.640   1.7736
2.650   2.2132
2.660   2.5443
2.670   2.3569
2.680   3.0411
2.690   2.9108
2.700   2.9304
2.710   3.0314
2.720   3.0821
2.730   3.0515
2.740   2.9334
2.750   3.0391
2.760   2.6705
2.770   2.7607
2.780   2.8962
2.790   2.8754
2.800   2.5258
2.810   2.9715
2.820   2.5203
2.830   2.8247
2.840   2.5445
2.850   2.4971
2.860   2.2816
2.870   2.3094
2.880   2.4019
2.890   1.9758
2.900   2.0978
2.910   2.0338
2.920   1.8650
2.930   1.6776
2.940   1.6592
2.950   1.8066
2.960   1.6711
2.970   1.5783
2.980   1.6555
2.990   1.3693
3.000   1.5535
3.010   1.4041
3.020   1.1777
3.030   1.1177
3.040   1.3506
3.050   1.3224
3.060   1.0895
3.070   0.8150
3.080   1.0184
3.090   0.9993
3.100   1.0615
3.110   1.1168
3.120   1.1158
3.130   0.9371
3.140   1.0164
3.150   1.0220
3.160   1.0396
3.170   0.9375
3.180   0.8664
3.190   0.8845
3.200   0.8732
3.210   0.8619
3.220   0.8450
3.230   0.9778
3.240   0.8917
3.250   0.9601
3.260   0.8978
3.270   0.6454
3.280   0.7363
3.290   0.7817
3.300   0.8431
3.310   0.8599
3.320   0.8166
3.330   0.8821
3.340   0.7208
3.350   0.6363
3.360   0.8239
3.370   0.7397
3.380   0.7511
3.390   0.9451
3.400   0.7527
3.410   0.7586
3.420   0.8414
3.430   0.6682
3.440   0.9077
3.450   0.6907
3.460   0.9925
3.470   0.6429
3.480   1.0802
3.490   0.7883
3.500   0.7985
3.510   0.7550
3.520   0.7604
3.530   0.8283
3.540   0.8140
3.550   0.7809
3.560   0.8049
3.570   0.6592
3.580   0.9505
3.590   0.7589
3.600   0.7732
3.610   0.7598
3.620   0.8929
3.630   0.9654
3.640   0.7609
3.650   0.8468
3.660   0.8153
3.670   0.8064
3.680   0.9837
3.690   0.8285
3.700   0.9950
3.710   1.0332
3.720   0.9757
3.730   0.9014
3.740   0.9052
3.750   0.8449
3.760   0.8447
3.770   0.8740
3.780   1.1087
3.790   1.0193
3.800   0.9807
3.810   0.9591
3.820   0.9458
3.830   0.9777
3.840   0.9075
3.850   0.9068
3.860   0.9344
3.870   0.9175
3.880   0.7852
3.890   0.9517
3.900   0.9153
3.910   0.9106
3.920   1.0622
3.930   0.9014
3.940   0.9355
3.950   0.8923
3.960   0.8610
3.970   0.8605
3.980   0.9092
3.990   0.9762
4.000   0.9789
4.010   1.0113
4.020   0.8021
4.030   0.8720
4.040   0.8346
4.050   1.0207
4.060   0.8227
4.070   0.8912
4.080   1.0057
4.090   0.8538
4.100   0.9460
4.110   1.0622
4.120   0.9050
4.130   0.9710
4.140   1.0118
4.150   1.1184
4.160   1.2206
4.170   1.0491
4.180   0.9410
4.190   1.0664
4.200   1.0273
4.210   1.0902
4.220   1.1625
4.230   1.0598
4.240   0.9747
4.250   0.9967
4.260   1.0978
4.270   1.0268
4.280   1.1269
4.290   0.9912
4.300   0.9671
4.310   0.9917
4.320   1.0965
4.330   1.0626
4.340   1.2393
4.350   0.9323
4.360   1.0954
4.370   1.0181
4.380   1.0791
4.390   1.2019
4.400   1.0941
4.410   1.1848
4.420   1.2409
4.430   1.0977
4.440   1.1932
4.450   1.1697
4.460   1.0951
4.470   1.1172
4.480   1.1810
4.490   1.0864
4.500   1.2209
4.510   1.1771
4.520   1.2865
4.530   1.1872
4.540   1.1878
4.550   1.2029
4.560   1.1082
4.570   1.2096
4.580   1.1300
4.590   1.1478
4.600   1.0861
4.610   1.2029
4.620   1.1077
4.630   1.0525
4.640   1.1846
4.650   1.1462
4.660   1.1551
4.670   0.9740
4.680   1.0767
4.690   1.0994
4.700   1.1627
4.710   0.9657
4.720   0.9912
4.730   0.9843
4.740   0.9615
4.750   1.0293
4.760   0.9084
4.770   1.0418
4.780   1.0978
4.790   1.1978
4.800   1.0105
4.810   1.2164
4.820   1.2295
4.830   1.0160
4.840   1.0708
4.850   1.1403
4.860   1.3211
4.870   0.9792
4.880   1.0936
4.890   1.0389
4.900   1.1772
4.910   0.8861
4.920   0.9420
4.930   1.0123
4.940   1.0328
4.950   1.0874
4.960   1.0391
4.970   1.0519
4.980   1.0937
4.990   1.0604
5.000   0.9481
5.010   0.9539
5.020   0.9430
5.030   0.9700
5.040   1.1434
5.050   1.1106
5.060   1.1250
5.070   1.0248
5.080   1.0766
5.090   0.9960
5.100   1.0151
5.110   0.8687
5.120   1.0370
5.130   0.8824
5.140   0.9358
5.150   0.9254
5.160   0.9308
5.170   1.1203
5.180   0.8878
5.190   1.0270
5.200   1.0430
5.210   0.9285
5.220   1.1980
5.230   0.9938
5.240   0.9856
5.250   1.0820
5.260   1.0866
5.270   1.0695
5.280   0.8567
5.290   1.1151
5.300   0.9207
5.310   0.9641
5.320   0.9414
5.330   0.9294
5.340   0.9428
5.350   1.0629
5.360   0.8125
5.370   0.9010
5.380   0.9785
5.390   0.9398
5.400   0.9096
5.410   0.9124
5.420   0.9989
5.430   0.9077
5.440   0.9469
5.450   0.9576
5.460   0.9601
5.470   1.0489
5.480   0.8892
5.490   0.9138
5.500   1.0157
5.510   0.9823
5.520   1.0123
5.530   0.9242
5.540   0.8798
5.550   0.9955
5.560   0.9046
5.570   0.9013
5.580   0.9039
5.590   0.9122
5.600   0.9127
5.610   0.9552
5.620   0.9120
5.630   0.8595
5.640   0.9319
5.650   0.9437
5.660   0.8954
5.670   1.0210
5.680   0.9895
5.690   0.8674
5.700   0.8995
5.710   0.9718
5.720   1.0601
5.730   0.8426
5.740   0.9544
5.750   0.9746
5.760   0.8808
5.770   0.8760
5.780   0.8945
5.790   0.9594
5.800   0.8937
5.810   0.8320
5.820   0.8433
5.830   0.9410
5.840   1.0310
5.850   0.9854
5.860   0.9436
5.870   0.9770
5.880   1.0292
5.890   0.9462
5.900   1.0326
5.910   0.9243
5.920   0.9006
5.930   1.0631
5.940   0.9507
5.950   0.9526
5.960   0.9122
5.970   0.9226
5.980   0.9045
5.990   0.9382
6.000   1.0068
6.010   0.9054
6.020   0.9173
6.030   0.9968
6.040   0.9507
6.050   0.9312
6.060   0.9968
6.070   1.0146
6.080   1.0162
6.090   0.9789
6.100   1.1079
6.110   1.0175
6.120   0.9757
6.130   1.0683
6.140   0.9487
6.150   1.0043
6.160   0.9836
6.170   1.0624
6.180   1.0354
6.190   1.0712
6.200   0.9835
6.210   1.0534
6.220   1.0749
6.230   0.9416
6.240   0.9617
6.250   0.9632
6.260   0.9249
6.270   0.9555
6.280   0.9555
6.290   1.0632
6.300   0.9087
6.310   1.0022
6.320   0.9014
6.330   0.9764
6.340   1.0823
6.350   0.9911
6.360   0.8931
6.370   1.0293
6.380   0.9686
6.390   1.0243
6.400   1.0885
6.410   0.9142
6.420   1.0876
6.430   1.0595
6.440   1.0085
6.450   1.0068
6.460   0.9232
6.470   0.9361
6.480   1.0504
6.490   1.0543
6.500   0.9573
6.510   1.0435
6.520   0.9698
6.530   0.9260
6.540   1.0424
6.550   1.0182
6.560   1.0598
6.570   1.0607
6.580   1.0325
6.590   0.9548
6.600   0.9478
6.610   0.9284
6.620   1.0133
6.630   1.0839
6.640   1.0915
6.650   0.9471
6.660   0.9673
6.670   1.0804
6.680   1.0557
6.690   1.1034
6.700   0.9103
6.710   1.0289
6.720   1.0484
6.730   0.9685
6.740   1.0845
6.750   0.9588
6.760   0.9336
6.770   0.9767
6.780   1.0391
6.790   1.0907
6.800   1.1096
6.810   0.9161
6.820   1.0747
6.830   1.0098
6.840   1.1095
6.850   1.1228
6.860   0.9359
6.870   1.0820
6.880   0.9774
6.890   1.0201
6.900   1.0814
6.910   1.0506
6.920   1.0276
6.930   1.1033
6.940   0.9793
6.950   1.0883
6.960   1.0257
6.970   1.0475
6.980   1.0740
6.990   1.0550
7.000   1.1083
7.010   1.1210
7.020   0.9973
7.030   1.0940
7.040   1.0316
7.050   0.9900
7.060   1.0065
7.070   0.9928
7.080   1.0008
7.090   1.0350
7.100   0.9452
7.110   0.9544
7.120   1.0192
7.130   1.0505
7.140   1.0629
7.150   0.9789
7.160   1.0336
7.170   0.9852
7.180   1.0616
7.190   0.9425
7.200   1.0291
7.210   1.0100
7.220   0.9980
7.230   0.9608
7.240   1.0257
7.250   0.9944
7.260   0.9814
7.270   1.0945
7.280   0.9624
7.290   1.0580
7.300   0.9842
7.310   0.9703
7.320   1.0494
7.330   1.0041
7.340   0.8899
7.350   0.9897
7.360   1.0180
7.370   1.0418
7.380   1.0004
7.390   1.0702
7.400   1.0717
7.410   1.0415
7.420   1.0169
7.430   0.9707
7.440   1.0277
7.450   0.9849
7.460   0.9564
7.470   0.9721
7.480   1.0425
7.490   1.0622
7.500   0.9196
7.510   0.9884
7.520   0.9529
7.530   0.8996
7.540   0.9700
7.550   0.9990
7.560   0.8924
7.570   0.8985
7.580   0.9065
7.590   0.9146
7.600   0.9361
7.610   1.0144
7.620   0.9270
7.630   0.9555
7.640   0.9828
7.650   0.9444
7.660   0.9900
7.670   0.9374
7.680   0.9757
7.690   0.9599
7.700   1.0030
7.710   1.1044
7.720   1.0069
7.730   0.9289
7.740   1.0107
7.750   0.9761
7.760   1.0184
7.770   1.0466
7.780   1.1024
7.790   0.9948
7.800   0.9705
7.810   0.9789
7.820   0.9391
7.830   0.9367
7.840   0.9978
7.850   1.0059
7.860   1.0102
7.870   0.9921
7.880   1.0418
7.890   1.0150
7.900   0.9403
7.910   1.0905
7.920   1.0236
7.930   1.0220
7.940   0.9909
7.950   0.9665
7.960   1.0096
7.970   0.9721
7.980   0.9715
7.990   1.0311
8.000   1.0342
8.010   1.0559
8.020   1.0626
8.030   0.9948
8.040   0.9692
8.050   0.9853
8.060   1.0429
8.070   0.9924
8.080   1.0101
8.090   0.9884
8.100   1.1332
8.110   1.0629
8.120   1.0312
8.130   1.0014
8.140   1.0361
8.150   0.9694
8.160   1.0355
8.170   1.0500
8.180   0.9775
8.190   0.9617
8.200   0.8505
8.210   1.0986
8.220   0.9867
8.230   1.0047
8.240   1.0084
8.250   1.0633
8.260   1.0519
8.270   1.0037
8.280   0.9926
8.290   0.9072
8.300   0.9878
8.310   1.0037
8.320   0.9952
8.330   0.9876
8.340   0.9740
8.350   0.9923
8.360   1.0355
8.370   1.0022
8.380   0.9929
8.390   0.9198
8.400   0.9925
8.410   0.9689
8.420   1.0123
8.430   1.0361
8.440   1.0084
8.450   1.0589
8.460   1.0028
8.470   1.0255
8.480   1.0548
8.490   0.9416
8.500   1.0199
8.510   0.9703
8.520   1.0432
8.530   0.9666
8.540   0.9577
8.550   0.9112
8.560   1.0458
8.570   1.0221
8.580   0.9578
8.590   1.0109
8.600   1.0791
8.610   1.0256
8.620   1.0071
8.630   1.0337
8.640   1.0145
8.650   1.0025
8.660   1.0650
8.670   1.0378
8.680   1.0832
8.690   1.0624
8.700   1.0711
8.710   0.9666
8.720   1.0291
8.730   0.9716
8.740   1.0032
8.750   1.0189
8.760   1.0142
8.770   0.9745
8.780   1.0143
8.790   1.0275
8.800   1.0345
8.810   0.9942
8.820   0.9966
8.830   0.9536
8.840   1.0221
8.850   0.9700
8.860   0.9150
8.870   1.1036
8.880   0.9375
8.890   1.0341
8.900   1.0485
8.910   1.0393
8.920   1.0159
8.930   0.9662
8.940   1.0631
8.950   0.9372
8.960   1.1025
8.970   0.9524
8.980   0.9994
8.990   1.0424
9.000   1.0046
9.010   0.9402
9.020   0.9927
9.030   0.9935
9.040   0.9972
9.050   0.9774
9.060   1.0556
9.070   0.9913
9.080   1.0437
9.090   1.0029
9.100   1.0870
9.110   0.9913
9.120   1.0418
9.130   0.9877
9.140   0.9884
9.150   0.9741
9.160   0.9791
9.170   1.0055
9.180   0.9898
9.190   0.9606
9.200   1.0273
9.210   1.0633
9.220   1.0059
9.230   0.9678
9.240   0.9756
9.250   0.9924
9.260   0.9426
9.270   1.0139
9.280   1.0452
9.290   1.0019
9.300   1.0372
9.310   0.9866
9.320   1.0287
9.330   0.9754
9.340   0.9107
9.350   1.0001
9.360   1.0130
9.370   1.0040
9.380   1.0026
9.390   1.0467
9.400   1.0200
9.410   1.0430
9.420   0.9772
9.430   1.0352
9.440   1.0410
9.450   1.0066
9.460   1.0065
9.470   1.0646
9.480   1.0256
9.490   0.9708
9.500   1.0665
9.510   1.0198
9.520   0.9786
9.530   0.9448
9.540   1.0055
9.550   0.9547
9.560   0.9717
9.570   0.9730
9.580   0.9945
9.590   1.0329
9.600   1.0066
9.610   0.9669
9.620   1.0465
9.630   0.9823
9.640   0.9738
9.650   1.0078
9.660   1.0514
9.670   1.0358
9.680   0.9548
9.690   0.9554
9.700   0.9802
9.710   1.0260
9.720   0.9908
9.730   0.9235
9.740   1.0443
9.750   1.0163
9.760   1.0092
9.770   0.9788
9.780   1.0157
9.790   0.9585
9.800   0.9279
9.810   1.0382
9.820   0.9253
9.830   0.9290
9.840   0.9364
9.850   0.9438
9.860   1.0265
9.870   1.0133
9.880   1.0346
9.890   1.0018
9.900   0.9533
9.910   1.0192
9.920   0.9635
9.930   0.9999
9.940   0.9815
9.950   1.0383
9.960   1.0416
9.970   1.0033
9.980   1.0110
9.990   0.9927
10.000   1.0147
10.010   1.0049
10.020   0.9653
10.030   1.0009
10.040   0.9578
10.050   1.0451
10.060   0.9469
10.070   1.0119
10.080   0.9881
10.090   0.9902
10.100   0.9288
10.110   0.9769
10.120   1.0224
10.130   1.0193
10.140   0.9455
10.150   1.0426
10.160   0.9917
10.170   1.0078
10.180   0.9844
10.190   1.0298
10.200   0.9897
10.210   1.0137
10.220   0.9870
10.230   0.9667
10.240   0.9729
10.250   0.9710
10.260   0.9571
10.270   1.0218
10.280   0.9977
10.290   0.9606
10.300   1.0227
10.310   0.9868
10.320   0.9832
10.330   0.9830
10.340   1.0664
10.350   0.9669
10.360   0.9259
10.370   0.9816
10.380   1.0292
10.390   0.9856
10.400   1.0292
10.410   1.0228
10.420   0.9959
10.430   1.0376
10.440   1.0163
10.450   1.0138
10.460   1.0278
10.470   0.9968
10.480   0.9982
10.490   1.0094
10.500   0.9503
10.510   1.0289
10.520   1.0020
10.530   1.0835
10.540   0.9658
10.550   1.0319
10.560   0.9907
10.570   1.0140
10.580   1.0030
10.590   1.0166
10.600   0.9934
10.610   0.9942
10.620   0.9784
10.630   1.0154
10.640   0.9530
10.650   1.0169
10.660   1.0910
10.670   0.9129
10.680   1.0180
10.690   0.9893
10.700   1.0252
10.710   1.0311
10.720   0.9645
10.730   0.9595
10.740   1.0280
10.750   0.9850
10.760   0.9221
10.770   0.9307
10.780   0.9620
10.790   1.0056
10.800   0.9729
10.810   0.9767
10.820   1.0436
10.830   1.0207
10.840   1.0428
10.850   0.9976
10.860   1.0044
10.870   1.0010
10.880   0.9992
10.890   0.9933
10.900   0.9647
10.910   0.9785
10.920   0.9637
10.930   0.9187
10.940   0.9682
10.950   1.0059
10.960   1.0286
10.970   0.9818
10.980   0.9980
10.990   0.9832
11.000   1.0176
11.010   1.0608
11.020   0.9957
11.030   1.0649
11.040   1.0147
11.050   1.0379
11.060   0.9978
11.070   1.0195
11.080   0.9874
11.090   1.0305
11.100   0.9974
11.110   0.9903
11.120   1.0138
11.130   1.0613
11.140   1.0043
11.150   0.9668
11.160   0.9506
11.170   1.0451
11.180   1.0120
11.190   0.9762
11.200   1.0572
11.210   0.9679
11.220   0.9610
11.230   1.0068
11.240   0.9918
11.250   1.0455
11.260   1.0119
11.270   0.9638
11.280   0.9932
11.290   1.0075
11.300   0.9921
11.310   0.9992
11.320   1.0181
11.330   1.0111
11.340   0.9720
11.350   1.0621
11.360   1.0076
11.370   0.9998
11.380   0.9652
11.390   0.9746
11.400   1.0264
11.410   1.0422
11.420   0.9492
11.430   1.0174
11.440   1.0395
11.450   0.9790
11.460   0.9970
11.470   0.9387
11.480   0.9671
11.490   0.9372
11.500   1.0481
11.510   0.9806
11.520   0.9704
11.530   0.9605
11.540   1.0634
11.550   1.0278
11.560   1.0148
11.570   0.9889
11.580   1.0185
11.590   1.0060
11.600   0.9994
11.610   1.0003
11.620   1.0488
11.630   1.0053
11.640   1.0302
11.650   1.0386
11.660   1.0183
11.670   1.0196
11.680   1.0051
11.690   0.9810
11.700   0.9946
11.710   1.0297
11.720   0.9799
11.730   1.0131
11.740   1.0127
11.750   0.9797
11.760   1.0075
11.770   1.0123
11.780   1.0296
11.790   1.0473
11.800   1.0041
11.810   1.0283
11.820   1.0149
11.830   1.0261
11.840   1.0089
11.850   1.0230
11.860   1.0486
11.870   0.9685
11.880   1.0332
11.890   1.0522
11.900   0.9810
11.910   1.0267
11.920   1.0161
11.930   1.0035
11.940   1.0064
11.950   1.0106
11.960   1.0299
11.970   0.9804
11.980   0.9855
11.990   0.9701
12.000   0.9701
12.010   1.0026
12.020   0.9764
12.030   0.9964
12.040   0.9753
12.050   0.9410
12.060   0.9568
12.070   1.0050
12.080   0.9705
12.090   0.9845
12.100   1.0148
12.110   1.0095
12.120   0.9579
12.130   1.0204
12.140   1.0423
12.150   0.9992
12.160   1.0223
12.170   0.9768
12.180   1.0076
12.190   1.0164
12.200   1.0204
12.210   1.0497
12.220   1.0275
12.230   1.0415
12.240   1.0262
12.250   1.0001
12.260   1.0320
12.270   0.9745
12.280   0.9507
12.290   1.0190
12.300   1.0114
12.310   0.9464
12.320   0.9583
12.330   1.0405
12.340   1.0108
12.350   1.0579
12.360   1.0331
12.370   0.9804
12.380   0.9937
12.390   0.9956
12.400   1.0237
12.410   1.0068
12.420   0.9682
12.430   1.0114
12.440   1.0225
12.450   0.9864
12.460   1.0471
12.470   0.9914
12.480   0.9540
12.490   0.9886
12.500   1.0508
12.510   1.0510
12.520   0.9865
12.530   0.9918
12.540   0.9849
12.550   1.0066
12.560   0.9669
12.570   0.9950
12.580   1.0238
12.590   0.9563
12.600   1.0712
12.610   0.9989
12.620   1.0132
12.630   0.9927
12.640   1.0096
12.650   1.0249
12.660   0.9558
12.670   1.0493
12.680   0.9532
12.690   1.0355
12.700   1.0328
12.710   0.9989
12.720   1.0129
12.730   0.9635
12.740   1.0459
12.750   1.0229
12.760   0.9538
12.770   1.0097
12.780   1.0078
12.790   0.9567
12.800   0.9728
12.810   1.0126
12.820   1.0398
12.830   1.0200
12.840   0.9736
12.850   0.9667
12.860   1.0468
12.870   1.0202
12.880   0.9832
12.890   0.9697
12.900   1.0035
12.910   0.9862
12.920   1.0285
12.930   1.0154
12.940   0.9884
12.950   0.9840
12.960   0.9868
12.970   1.0316
12.980   1.0300
12.990   0.9669
13.000   0.9956
13.010   0.9700
13.020   0.9961
13.030   0.9992
13.040   0.9578
13.050   1.0345
13.060   0.9731
13.070   0.9660
13.080   1.0403
13.090   1.0068
13.100   0.9990
13.110   1.0282
13.120   1.0103
13.130   0.9805
13.140   1.0117
13.150   0.9748
13.160   0.9858
13.170   1.0552
13.180   1.0108
13.190   1.0406
13.200   0.9963
13.210   1.0440
13.220   0.9944
13.230   1.0559
13.240   1.0074
13.250   1.0343
13.260   0.9849
13.270   1.0210
13.280   1.0211
13.290   1.0087
13.300   0.9621
13.310   0.9884
13.320   1.0583
13.330   1.0000
13.340   1.0032
13.350   1.0333
13.360   0.9612
13.370   1.0188
13.380   1.0106
13.390   1.0037
13.400   1.0133
13.410   1.0198
13.420   1.0282
13.430   1.0610
13.440   1.0385
13.450   1.0147
13.460   0.9867
13.470   0.9455
13.480   1.0561
13.490   0.9922
13.500   0.9960
13.510   0.9834
13.520   0.9983
13.530   0.9811
13.540   1.0104
13.550   0.9874
13.560   1.0225
13.570   1.0043
13.580   0.9863
13.590   0.9946
13.600   0.9753
13.610   0.9946
13.620   1.0115
13.630   0.9910
13.640   1.0673
13.650   0.9607
13.660   0.9455
13.670   0.9778
13.680   0.9982
13.690   1.0361
13.700   0.9662
13.710   0.9427
13.720   0.9717
13.730   1.0046
13.740   0.9704
13.750   0.9757
13.760   0.9657
13.770   0.9681
13.780   0.9929
13.790   0.9842
13.800   0.9607
13.810   0.9647
13.820   0.9950
13.830   0.9870
13.840   1.0037
13.850   1.0070
13.860   1.0049
13.870   0.9782
13.880   1.0257
13.890   0.9707
13.900   0.9265
13.910   0.9425
13.920   0.9520
13.930   0.9803
13.940   0.9990
13.950   0.9741
13.960   0.9555
13.970   0.9639
13.980   0.9813
13.990   1.0329
14.000   0.9463
14.010   0.9967
14.020   1.0120
14.030   0.9691
14.040   1.0381
14.050   0.9828
14.060   0.9659
14.070   1.0149
14.080   1.0152
14.090   0.9669
14.100   0.9807
14.110   0.9986
14.120   0.9884
14.130   1.0168
14.140   0.9718
14.150   0.9477
14.160   0.9769
14.170   0.9635
14.180   0.9741
14.190   0.9861
14.200   1.0178
14.210   0.9608
14.220   0.9686
14.230   1.0108
14.240   1.0156
14.250   1.0180
14.260   0.9797
14.270   0.9916
14.280   1.0391
14.290   0.9750
14.300   1.0338
14.310   0.9705
14.320   1.0198
14.330   0.9608
14.340   1.0050
14.350   0.9885
14.360   0.9420
14.370   0.9898
14.380   0.9739
14.390   0.9778
14.400   1.0163
14.410   1.0643
14.420   1.0268
14.430   1.0294
14.440   1.0009
14.450   1.0113
14.460   1.0148
14.470   1.0085
14.480   1.0443
14.490   0.9897
14.500   0.9881
14.510   0.9941
14.520   1.0229
14.530   1.0392
14.540   0.9898
14.550   1.0250
14.560   0.9836
14.570   1.0205
14.580   0.9970
14.590   1.0137
14.600   1.0267
14.610   0.9848
14.620   1.0020
14.630   1.0045
14.640   1.0144
14.650   1.0365
14.660   1.0085
14.670   1.0066
14.680   1.0411
14.690   1.0055
14.700   1.0328
14.710   1.0122
14.720   1.0128
14.730   1.0100
14.740   1.0241
14.750   1.0070
14.760   1.0065
14.770   1.0244
14.780   0.9744
14.790   0.9983
14.800   0.9808
14.810   0.9860
14.820   1.0470
14.830   1.0145
14.840   1.0142
14.850   0.9965
14.860   1.0177
14.870   1.0437
14.880   0.9662
14.890   0.9952
14.900   0.9914
14.910   0.9429
14.920   1.0465
14.930   0.9557
14.940   1.0122
14.950   1.0581
14.960   0.9492
14.970   0.9696
14.980   1.0183
14.990   0.9662
15.000   1.0417
15.010   0.9767
15.020   0.9929
15.030   0.9550
15.040   1.0370
15.050   1.0054
15.060   0.9784
15.070   0.9813
15.080   1.0228
15.090   1.0109
15.100   1.0138
15.110   1.0132
15.120   1.0213
15.130   0.9985
15.140   0.9932
15.150   1.0026
15.160   1.0058
15.170   0.9760
15.180   0.9515
15.190   1.0156
15.200   1.0288
15.210   1.0054
15.220   1.0196
15.230   1.0190
15.240   0.9748
15.250   0.9792
15.260   1.0238
15.270   0.9779
15.280   0.9795
15.290   0.9677
15.300   1.0490
15.310   0.9780
15.320   1.0148
15.330   0.9971
15.340   1.0254
15.350   0.9993
15.360   0.9970
15.370   1.0158
15.380   0.9610
15.390   1.0294
15.400   0.9936
15.410   0.9969
15.420   1.0047
15.430   0.9968
15.440   1.0144
15.450   1.0093
15.460   1.0108
15.470   1.0358
15.480   0.9881
15.490   1.0314
15.500   0.9871
15.510   1.0110
15.520   0.9992
15.530   0.9557
15.540   1.0364
15.550   0.9855
15.560   1.0484
15.570   1.0409
15.580   1.0479
15.590   1.0086
15.600   1.0078
15.610   1.0370
15.620   0.9894
15.630   1.0351
15.640   1.0257
15.650   1.0028
15.660   1.0399
15.670   1.0000
15.680   0.9504
15.690   1.0167
15.700   0.9957
15.710   1.0474
15.720   1.0388
15.730   1.0324
15.740   0.9868
15.750   1.0443
15.760   0.9956
15.770   1.0233
15.780   1.0042
15.790   1.0183
15.800   1.0163
15.810   0.9889
15.820   1.0041
15.830   0.9797
15.840   0.9765
15.850   0.9399
15.860   1.0031
15.870   0.9997
15.880   1.0280
15.890   0.9991
15.900   0.9767
15.910   0.9582
15.920   0.9691
15.930   0.9832
15.940   0.9645
15.950   0.9857
15.960   0.9607
15.970   1.0051
15.980   0.9759
15.990   0.9512
16.000   0.9700
16.010   0.9779
16.020   0.9694
16.030   0.9619
16.040   0.9966
16.050   0.9746
16.060   0.9325
16.070   0.9546
16.080   1.0262
16.090   0.9638
16.100   0.9776
16.110   0.9840
16.120   0.9057
16.130   0.9406
16.140   0.9638
16.150   0.9488
16.160   0.9274
16.170   0.9320
16.180   0.9141
16.190   0.9547
16.200   0.9228
16.210   0.9461
16.220   0.9117
16.230   0.9219
16.240   0.9294
16.250   0.9385
16.260   0.9494
16.270   0.8728
16.280   0.9247
16.290   0.9215
16.300   0.9111
16.310   0.8953
16.320   0.8944
16.330   0.9006
16.340   0.9433
16.350   0.9439
16.360   0.9407
16.370   0.9107
16.380   0.9420
16.390   0.9045
16.400   0.9295
16.410   0.9049
16.420   0.9196
16.430   0.8983
16.440   0.9203
16.450   0.8768
16.460   0.8859
16.470   0.9470
16.480   0.9244
16.490   0.8609
16.500   0.8850
16.510   0.8482
16.520   0.8824
16.530   0.8523
16.540   0.8778
16.550   0.8752
16.560   0.8840
16.570   0.9079
16.580   0.8850
16.590   0.8555
16.600   0.8811
16.610   0.8663
16.620   0.8364
16.630   0.8805
16.640   0.8534
16.650   0.8658
16.660   0.8849
16.670   0.8627
16.680   0.8101
16.690   0.8488
16.700   0.8647
16.710   0.8418
16.720   0.8275
16.730   0.8096
16.740   0.8294
16.750   0.8519
16.760   0.8323
16.770   0.8157
16.780   0.8030
16.790   0.8223
16.800   0.8211
16.810   0.8479
16.820   0.8435
16.830   0.7936
16.840   0.8297
16.850   0.8403
16.860   0.8279
16.870   0.7981
16.880   0.8531
16.890   0.8029
16.900   0.8623
16.910   0.8040
16.920   0.8298
16.930   0.8205
16.940   0.8408
16.950   0.8081
16.960   0.8307
16.970   0.7977
16.980   0.8034
16.990   0.8120
17.000   0.7903
17.010   0.8316
17.020   0.8166
17.030   0.8392
17.040   0.7713
17.050   0.7980
17.060   0.8014
17.070   0.8149
17.080   0.7886
17.090   0.8187
17.100   0.7663
17.110   0.7613
17.120   0.7870
17.130   0.7982
17.140   0.8087
17.150   0.8000
17.160   0.7703
17.170   0.7668
17.180   0.7876
17.190   0.7629
17.200   0.7627
17.210   0.7612
17.220   0.7312
17.230   0.7671
17.240   0.7737
17.250   0.7843
17.260   0.7719
17.270   0.7161
17.280   0.7504
17.290   0.7323
17.300   0.7346
17.310   0.7290
17.320   0.7437
17.330   0.7569
17.340   0.7322
17.350   0.7336
17.360   0.7718
17.370   0.7349
17.380   0.7112
17.390   0.7179
17.400   0.7294
17.410   0.7224
17.420   0.7141
17.430   0.7150
17.440   0.6974
17.450   0.7384
17.460   0.7366
17.470   0.7314
17.480   0.6870
17.490   0.7186
17.500   0.7074
17.510   0.7034
17.520   0.7081
17.530   0.6794
17.540   0.6998
17.550   0.6737
17.560   0.6965
17.570   0.6642
17.580   0.6685
17.590   0.7139
17.600   0.7156
17.610   0.6753
17.620   0.6881
17.630   0.7124
17.640   0.7282
17.650   0.6877
17.660   0.7202
17.670   0.6809
17.680   0.6900
17.690   0.6761
17.700   0.6991
17.710   0.6560
17.720   0.6763
17.730   0.7078
17.740   0.6874
17.750   0.6679
17.760   0.6950
17.770   0.6915
17.780   0.6752
17.790   0.7017
17.800   0.6932
17.810   0.6674
17.820   0.6459
17.830   0.6797
17.840   0.6782
17.850   0.6675
17.860   0.6690
17.870   0.6357
17.880   0.6720
17.890   0.6294
17.900   0.6871
17.910   0.6465
17.920   0.6856
17.930   0.6759
17.940   0.6634
17.950   0.6736
17.960   0.6292
17.970   0.5984
17.980   0.6673
17.990   0.6541
18.000   0.6564
18.010   0.6444
18.020   0.6566
18.030   0.6924
18.040   0.6376
18.050   0.6209
18.060   0.6625
18.070   0.6344
18.080   0.6177
18.090   0.6623
18.100   0.6193
18.110   0.6426
18.120   0.6260
18.130   0.5964
18.140   0.6406
18.150   0.6385
18.160   0.6316
18.170   0.6069
18.180   0.5832
18.190   0.6375
18.200   0.6433
18.210   0.6234
18.220   0.6157
18.230   0.6069
18.240   0.6273
18.250   0.5807
18.260   0.6294
18.270   0.6037
18.280   0.5910
18.290   0.6101
18.300   0.5961
18.310   0.6018
18.320   0.6011
18.330   0.5815
18.340   0.5889
18.350   0.5954
18.360   0.5762
18.370   0.5932
18.380   0.5887
18.390   0.5972
18.400   0.5782
18.410   0.5901
18.420   0.5762
18.430   0.5835
18.440   0.5712
18.450   0.5726
18.460   0.5644
18.470   0.6000
18.480   0.6022
18.490   0.5576
18.500   0.5796
18.510   0.5783
18.520   0.5602
18.530   0.5439
18.540   0.5454
18.550   0.5709
18.560   0.5850
18.570   0.5372
18.580   0.5573
18.590   0.5902
18.600   0.5632
18.610   0.5626
18.620   0.5513
18.630   0.5628
18.640   0.5589
18.650   0.5348
18.660   0.5408
18.670   0.5536
18.680   0.5476
18.690   0.5633
18.700   0.5553
18.710   0.5563
18.720   0.5320
18.730   0.5812
18.740   0.5311
18.750   0.5460
18.760   0.5538
18.770   0.5476
18.780   0.5145
18.790   0.5413
18.800   0.5435
18.810   0.5198
18.820   0.5189
18.830   0.5561
18.840   0.5038
18.850   0.5343
18.860   0.5027
18.870   0.5096
18.880   0.5230
18.890   0.5178
18.900   0.4952
18.910   0.5326
18.920   0.5304
18.930   0.5143
18.940   0.5206
18.950   0.5097
18.960   0.5033
18.970   0.5134
18.980   0.5009
18.990   0.5050
19.000   0.5203
19.010   0.5086
19.020   0.4863
19.030   0.5094
19.040   0.5027
19.050   0.5200
19.060   0.5145
19.070   0.4902
19.080   0.4691
19.090   0.4853
19.100   0.5071
19.110   0.4916
19.120   0.4834
19.130   0.5154
19.140   0.4801
19.150   0.5133
19.160   0.4615
19.170   0.5276
19.180   0.4788
19.190   0.4667
19.200   0.4698
19.210   0.4758
19.220   0.4678
19.230   0.4928
19.240   0.4874
19.250   0.4920
19.260   0.4847
19.270   0.4672
19.280   0.4569
19.290   0.4856
19.300   0.4572
19.310   0.4743
19.320   0.4754
19.330   0.4558
19.340   0.4747
19.350   0.4640
19.360   0.4635
19.370   0.4609
19.380   0.4566
19.390   0.4766
19.400   0.4483
19.410   0.4853
19.420   0.4398
19.430   0.4554
19.440   0.4533
19.450   0.4424
19.460   0.4453
19.470   0.4473
19.480   0.4839
19.490   0.4542
19.500   0.4384
19.510   0.4498
19.520   0.4265
19.530   0.4452
19.540   0.4372
19.550   0.4379
19.560   0.4490
19.570   0.4345
19.580   0.4304
19.590   0.4475
19.600   0.4372
19.610   0.4224
19.620   0.4349
19.630   0.4332
19.640   0.4245
19.650   0.4165
19.660   0.4114
19.670   0.4060
19.680   0.4279
19.690   0.3910
19.700   0.4026
19.710   0.4175
19.720   0.4060
19.730   0.4327
19.740   0.4238
19.750   0.4068
19.760   0.4269
19.770   0.4116
19.780   0.4167
19.790   0.4125
19.800   0.3805
19.810   0.4304
19.820   0.3952
19.830   0.3902
19.840   0.4003
19.850   0.3926
19.860   0.4074
19.870   0.3892
19.880   0.4095
19.890   0.3959
19.900   0.3922
19.910   0.3822
19.920   0.3658
19.930   0.3863
19.940   0.3865
19.950   0.3849
19.960   0.3788
19.970   0.3774
19.980   0.3775
19.990   0.3814
20.000   0.3860
20.010   0.3837
20.020   0.3795
20.030   0.3796
20.040   0.3773
20.050   0.3703
20.060   0.3731
20.070   0.3772
20.080   0.3658
20.090   0.3663
20.100   0.3978
20.110   0.3741
20.120   0.3639
20.130   0.3754
20.140   0.3554
20.150   0.3832
20.160   0.3622
20.170   0.3640
20.180   0.3529
20.190   0.3557
20.200   0.3599
20.210   0.3417
20.220   0.3537
20.230   0.3469
20.240   0.3602
20.250   0.3440
20.260   0.3476
20.270   0.3109
20.280   0.3407
20.290   0.3541
20.300   0.3543
20.310   0.3224
20.320   0.3510
20.330   0.3519
20.340   0.3410
20.350   0.3512
20.360   0.3400
20.370   0.3211
20.380   0.3330
20.390   0.3274
20.400   0.3464
20.410   0.3277
20.420   0.3452
20.430   0.3147
20.440   0.3243
20.450   0.3249
20.460   0.3253
20.470   0.3252
20.480   0.3119
20.490   0.3200
20.500   0.3166
20.510   0.3200
20.520   0.3209
20.530   0.3117
20.540   0.3286
20.550   0.3155
20.560   0.3068
20.570   0.3198
20.580   0.2951
20.590   0.3005
20.600   0.3059
20.610   0.3018
20.620   0.3022
20.630   0.2995
20.640   0.2954
20.650   0.3121
20.660   0.2990
20.670   0.3069
20.680   0.3020
20.690   0.3095
20.700   0.3094
20.710   0.2920
20.720   0.2976
20.730   0.2992
20.740   0.2872
20.750   0.2691
20.760   0.3074
20.770   0.2916
20.780   0.2824
20.790   0.3027
20.800   0.2950
20.810   0.2812
20.820   0.3044
20.830   0.2976
20.840   0.2814
20.850   0.2875
20.860   0.2685
20.870   0.2838
20.880   0.3025
20.890   0.2776
20.900   0.2831
20.910   0.3054
20.920   0.2857
20.930   0.2770
20.940   0.2741
20.950   0.2718
20.960   0.2699
20.970   0.2617
20.980   0.2676
20.990   0.2728
21.000   0.2738
21.010   0.2704
21.020   0.2612
21.030   0.2581
21.040   0.2666
21.050   0.2778
21.060   0.2650
21.070   0.2442
21.080   0.2678
21.090   0.2400
21.100   0.2717
21.110   0.2538
21.120   0.2362
21.130   0.2465
21.140   0.2417
21.150   0.2443
21.160   0.2343
21.170   0.2588
21.180   0.2511
21.190   0.2430
21.200   0.2433
21.210   0.2326
21.220   0.2208
21.230   0.2269
21.240   0.2179
21.250   0.2368
21.260   0.2318
21.270   0.2307
21.280   0.2251
21.290   0.2278
21.300   0.2149
21.310   0.2390
21.320   0.2149
21.330   0.2170
21.340   0.2137
21.350   0.2288
21.360   0.2260
21.370   0.2131
21.380   0.2195
21.390   0.2185
21.400   0.2158
21.410   0.2155
21.420   0.2121
21.430   0.2313
21.440   0.2166
21.450   0.2230
21.460   0.2186
21.470   0.2144
21.480   0.2203
21.490   0.2427
21.500   0.2267
21.510   0.2178
21.520   0.2185
21.530   0.2212
21.540   0.2099
21.550   0.2172
21.560   0.2053
21.570   0.2149
21.580   0.2129
21.590   0.2047
21.600   0.2003
21.610   0.2125
21.620   0.2014
21.630   0.1975
21.640   0.1955
21.650   0.2023
21.660   0.2068
21.670   0.1969
21.680   0.2122
21.690   0.1962
21.700   0.1887
21.710   0.1995
21.720   0.2059
21.730   0.1985
21.740   0.2026
21.750   0.1962
21.760   0.2016
21.770   0.1779
21.780   0.2013
21.790   0.1901
21.800   0.1883
21.810   0.2022
21.820   0.1927
21.830   0.1831
21.840   0.1812
21.850   0.1786
21.860   0.1707
21.870   0.1849
21.880   0.1859
21.890   0.1892
21.900   0.1784
21.910   0.1799
21.920   0.1616
21.930   0.1739
21.940   0.1708
21.950   0.1751
21.960   0.1656
21.970   0.1815
21.980   0.1640
21.990   0.1672
22.000   0.1565
22.010   0.1639
22.020   0.1736
22.030   0.1589
22.040   0.1657
22.050   0.1548
22.060   0.1496
22.070   0.1525
22.080   0.1527
22.090   0.1594
22.100   0.1514
22.110   0.1560
22.120   0.1474
22.130   0.1505
22.140   0.1496
22.150   0.1433
22.160   0.1410
22.170   0.1410
22.180   0.1463
22.190   0.1576
22.200   0.1498
22.210   0.1355
22.220   0.1297
22.230   0.1458
22.240   0.1331
22.250   0.1371
22.260   0.1312
22.270   0.1393
22.280   0.1376
22.290   0.1382
22.300   0.1539
22.310   0.1298
22.320   0.1400
22.330   0.1267
22.340   0.1279
22.350   0.1345
22.360   0.1302
22.370   0.1291
22.380   0.1365
22.390   0.1321
22.400   0.1274
22.410   0.1129
22.420   0.1239
22.430   0.1287
22.440   0.1160
22.450   0.1241
22.460   0.1128
22.470   0.1185
22.480   0.1097
22.490   0.1255
22.500   0.1230
22.510   0.1241
22.520   0.1165
22.530   0.1099
22.540   0.1179
22.550   0.1204
22.560   0.1114
22.570   0.1164
22.580   0.1142
22.590   0.1239
22.600   0.1118
22.610   0.1069
22.620   0.1033
22.630   0.1009
22.640   0.1033
22.650   0.1056
22.660   0.0985
22.670   0.1023
22.680   0.0972
22.690   0.1002
22.700   0.1008
22.710   0.1034
22.720   0.1047
22.730   0.1048
22.740   0.1032
22.750   0.1003
22.760   0.0972
22.770   0.0978
22.780   0.0919
22.790   0.0873
22.800   0.1026
22.810   0.0981
22.820   0.0880
22.830   0.0931
22.840   0.0943
22.850   0.0941
22.860   0.0938
22.870   0.0997
22.880   0.0872
22.890   0.0877
22.900   0.0841
22.910   0.0975
22.920   0.0898
22.930   0.0875
22.940   0.0826
22.950   0.0819
22.960   0.0945
22.970   0.0916
22.980   0.0824
22.990   0.0806
23.000   0.0830
23.010   0.0828
23.020   0.0828
23.030   0.0787
23.040   0.0782
23.050   0.0814
23.060   0.0709
23.070   0.0763
23.080   0.0753
23.090   0.0876
23.100   0.0855
23.110   0.0847
23.120   0.0781
23.130   0.0837
23.140   0.0778
23.150   0.0791
23.160   0.0785
23.170   0.0733
23.180   0.0739
23.190   0.0711
23.200   0.0643
23.210   0.0729
23.220   0.0778
23.230   0.0695
23.240   0.0701
23.250   0.0635
23.260   0.0684
23.270   0.0697
23.280   0.0725
23.290   0.0691
23.300   0.0734
23.310   0.0673
23.320   0.0723
23.330   0.0660
23.340   0.0653
23.350   0.0615
23.360   0.0697
23.370   0.0633
23.380   0.0670
23.390   0.0670
23.400   0.0661
23.410   0.0576
23.420   0.0580
23.430   0.0584
23.440   0.0642
23.450   0.0654
23.460   0.0568
23.470   0.0618
23.480   0.0579
23.490   0.0672
23.500   0.0576
23.510   0.0566
23.520   0.0584
23.530   0.0637
23.540   0.0576
23.550   0.0546
23.560   0.0646
23.570   0.0556
23.580   0.0536
23.590   0.0534
23.600   0.0615
23.610   0.0498
23.620   0.0575
23.630   0.0530
23.640   0.0524
23.650   0.0506
23.660   0.0511
23.670   0.0526
23.680   0.0531
23.690   0.0473
23.700   0.0494
23.710   0.0513
23.720   0.0511
23.730   0.0445
23.740   0.0475
23.750   0.0517
23.760   0.0441
23.770   0.0503
23.780   0.0409
23.790   0.0428
23.800   0.0515
23.810   0.0477
23.820   0.0458
23.830   0.0491
23.840   0.0504
23.850   0.0438
23.860   0.0461
23.870   0.0451
23.880   0.0412
23.890   0.0537
23.900   0.0437
23.910   0.0492
23.920   0.0373
23.930   0.0532
23.940   0.0461
23.950   0.0463
23.960   0.0451
23.970   0.0451
23.980   0.0423
23.990   0.0458
24.000   0.0401
24.010   0.0444
24.020   0.0432
24.030   0.0417
24.040   0.0406
24.050   0.0446
24.060   0.0404
24.070   0.0407
24.080   0.0403
24.090   0.0352
24.100   0.0375
24.110   0.0393
24.120   0.0347
24.130   0.0431
24.140   0.0400
24.150   0.0323
24.160   0.0340
24.170   0.0399
24.180   0.0385
24.190   0.0384
24.200   0.0315
24.210   0.0361
24.220   0.0304
24.230   0.0329
24.240   0.0406
24.250   0.0312
24.260   0.0334
24.270   0.0287
24.280   0.0296
24.290   0.0332
24.300   0.0276
24.310   0.0337
24.320   0.0289
24.330   0.0328
24.340   0.0321
24.350   0.0292
24.360   0.0295
24.370   0.0275
24.380   0.0324
24.390   0.0311
24.400   0.0305
24.410   0.0262
24.420   0.0337
24.430   0.0336
24.440   0.0269
24.450   0.0324
24.460   0.0295
24.470   0.0269
24.480   0.0300
24.490   0.0267
24.500   0.0258
24.510   0.0290
24.520   0.0255
24.530   0.0262
24.540   0.0258
24.550   0.0253
24.560   0.0244
24.570   0.0311
24.580   0.0257
24.590   0.0241
24.600   0.0245
24.610   0.0267
24.620   0.0277
24.630   0.0259
24.640   0.0240
24.650   0.0245
24.660   0.0247
24.670   0.0228
24.680   0.0199
24.690   0.0231
24.700   0.0239
24.710   0.0222
24.720   0.0260
24.730   0.0221
24.740   0.0242
24.750   0.0220
24.760   0.0207
24.770   0.0204
24.780   0.0211
24.790   0.0229
24.800   0.0246
24.810   0.0264
24.820   0.0179
24.830   0.0219
24.840   0.0242
24.850   0.0174
24.860   0.0244
24.870   0.0191
24.880   0.0204
24.890   0.0217
24.900   0.0196
24.910   0.0195
24.920   0.0186
24.930   0.0200
24.940   0.0195
24.950   0.0194
24.960   0.0192
24.970   0.0174
24.980   0.0179
24.990   0.0187
25.000   0.0173
25.010   0.0199
25.020   0.0183
25.030   0.0169
25.040   0.0183
25.050   0.0219
25.060   0.0160
25.070   0.0192
25.080   0.0226
25.090   0.0154
25.100   0.0184
25.110   0.0193
25.120   0.0176
25.130   0.0194
25.140   0.0180
25.150   0.0147
25.160   0.0155
25.170   0.0222
25.180   0.0159
25.190   0.0146
25.200   0.0142
25.210   0.0162
25.220   0.0155
25.230   0.0161
25.240   0.0144
25.250   0.0181
25.260   0.0147
25.270   0.0157
25.280   0.0152
25.290   0.0129
25.300   0.0126
25.310   0.0126
25.320   0.0124
25.330   0.0136
25.340   0.0131
25.350   0.0125
25.360   0.0122
25.370   0.0131
25.380   0.0105
25.390   0.0137
25.400   0.0085
25.410   0.0097
25.420   0.0128
25.430   0.0130
25.440   0.0097
25.450   0.0130
25.460   0.0108
25.470   0.0131
25.480   0.0089
25.490   0.0127
25.500   0.0120
25.510   0.0089
25.520   0.0107
25.530   0.0108
25.540   0.0086
25.550   0.0125
25.560   0.0098
25.570   0.0107
25.580   0.0105
25.590   0.0110
25.600   0.0092
25.610   0.0080
25.620   0.0069
25.630   0.0107
25.640   0.0098
25.650   0.0092
25.660   0.0115
25.670   0.0092
25.680   0.0103
25.690   0.0095
25.700   0.0120
25.710   0.0113
25.720   0.0096
25.730   0.0092
25.740   0.0080
25.750   0.0076
25.760   0.0083
25.770   0.0068
25.780   0.0095
25.790   0.0073
25.800   0.0081
25.810   0.0088
25.820   0.0084
25.830   0.0079
25.840   0.0102
25.850   0.0092
25.860   0.0092
25.870   0.0077
25.880   0.0080
25.890   0.0061
25.900   0.0082
25.910   0.0061
25.920   0.0058
25.930   0.0095
25.940   0.0050
25.950   0.0060
25.960   0.0046
25.970   0.0057
25.980   0.0054
25.990   0.0045
26.000   0.0065
26.010   0.0074
26.020   0.0056
26.030   0.0053
26.040   0.0045
26.050   0.0050
26.060   0.0063
26.070   0.0060
26.080   0.0059
26.090   0.0073
26.100   0.0050
26.110   0.0055
26.120   0.0060
26.130   0.0054
26.140   0.0047
26.150   0.0028
26.160   0.0040
26.170   0.0053
26.180   0.0044
26.190   0.0044
26.200   0.0042
26.210   0.0034
26.220   0.0035
26.230   0.0037
26.240   0.0033
26.250   0.0044
26.260   0.0045
26.270   0.0053
26.280   0.0056
26.290   0.0042
26.300   0.0040
26.310   0.0023
26.320   0.0031
26.330   0.0035
26.340   0.0032
26.350   0.0036
26.360   0.0029
26.370   0.0019
26.380   0.0041
26.390   0.0025
26.400   0.0020
26.410   0.0028
26.420   0.0028
26.430   0.0009
26.440   0.0032
26.450   0.0032
26.460   0.0021
26.470   0.0030
26.480   0.0024
26.490   0.0026
26.500   0.0016
26.510   0.0020
26.520   0.0018
26.530   0.0020
26.540   0.0023
26.550   0.0018
26.560   0.0021
26.570   0.0026
26.580   0.0019
26.590   0.0034
26.600   0.0014
26.610   0.0013
26.620   0.0014
26.630   0.0014
26.640   0.0029
26.650   0.0014
26.660   0.0013
26.670   0.0012
26.680   0.0009
26.690   0.0024
26.700   0.0009
26.710   0.0008
26.720   0.0012
26.730   0.0007
26.740   0.0012
26.750   0.0021
26.760   0.0007
26.770   0.0003
26.780   0.0009
26.790   0.0003
26.800   0.0005
26.810   0.0014
26.820   0.0013
26.830   0.0018
26.840   0.0011
26.850   0.0008
26.860   0.0016
26.870   0.0016
26.880   0.0012
26.890   0.0007
26.900   0.0018
26.910   0.0013
26.920   0.0003
26.930   0.0008
26.940   0.0002
26.950   0.0002
26.960   0.0001
26.970   0.0006
26.980   0.0001
26.990   0.0003
27.000   0.0005
27.010   0.0002
27.020   0.0003
27.030   0.0002
27.040   0.0002
27.050   0.0006
27.060   0.0000
27.070   0.0001
27.080   0.0001
27.090   0.0000
27.100   0.0000
27.110   0.0000
27.120   0.0001
27.130   0.0001
27.140   0.0000
27.150   0.0000
27.160   0.0000
27.170   0.0007
27.180   0.0001
27.190   0.0000
27.200   0.0001
27.210   0.0000
27.220   0.0000
27.230   0.0000
27.240   0.0002
27.250   0.0000
27.260   0.0000
27.270   0.0002
27.280   0.0000
27.290   0.0000
27.300   0.0000
27.310   0.0000
27.320   0.0000
27.330   0.0000
27.340   0.0000
27.350   0.0000
27.360   0.0000
27.370   0.0000
27.380   0.0000
27.390   0.0000
27.400   0.0000
27.410   0.0000
27.420   0.0000
27.430   0.0000
27.440   0.0000
27.450   0.0000
27.460   0.0000
27.470   0.0000
27.480   0.0000
27.490   0.0000
27.500   0.0000
27.510   0.0000
27.520   0.0000
27.530   0.0000
27.540   0.0000
27.550   0.0000
27.560   0.0000
27.570   0.0000
27.580   0.0000
27.590   0.0000
27.600   0.0000
27.610   0.0000
27.620   0.0000
27.630   0.0000
27.640   0.0000
27.650   0.0000
27.660   0.0000
27.670   0.0000
27.680   0.0000
27.690   0.0000
27.700   0.0000
27.710   0.0000
27.720   0.0000
27.730   0.0000
27.740   0.0000
27.750   0.0000
27.760   0.0000
27.770   0.0000
27.780   0.0000
27.790   0.0000
27.800   0.0000
27.810   0.0000
27.820   0.0000
27.830   0.0000
27.840   0.0000
27.850   0.0000
27.860   0.0000
27.870   0.0000
27.880   0.0000
27.890   0.0000
27.900   0.0000
27.910   0.0000
27.920   0.0000
27.930   0.0000
27.940   0.0000
27.950   0.0000
27.960   0.0000
27.970   0.0000
27.980   0.0000
27.990   0.0000
28.000   0.0000
28.010   0.0000
28.020   0.0000
28.030   0.0000
28.040   0.0000
28.050   0.0000
28.060   0.0000
28.070   0.0000
28.080   0.0000
28.090   0.0000
28.100   0.0000
28.110   0.0000
28.120   0.0000
28.130   0.0000
28.140   0.0000
28.150   0.0000
28.160   0.0000
28.170   0.0000
28.180   0.0000
28.190   0.0000
28.200   0.0000
28.210   0.0000
28.220   0.0000
28.230   0.0000
28.240   0.0000
28.250   0.0000
28.260   0.0000
28.270   0.0000
28.280   0.0000
28.290   0.0000
28.300   0.0000
28.310   0.0000
28.320   0.0000
28.330   0.0000
28.340   0.0000
28.350   0.0000
28.360   0.0000
28.370   0.0000
28.380   0.0000
28.390   0.0000
28.400   0.0000
28.410   0.0000
28.420   0.0000
28.430   0.0000
28.440   0.0000
28.450   0.0000
28.460   0.0000
28.470   0.0000
28.480   0.0000
28.490   0.0000
28.500   0.0000
28.510   0.0000
28.520   0.0000
28.530   0.0000
28.540   0.0000
28.550   0.0000
28.560   0.0000
28.570   0.0000
28.580   0.0000
28.590   0.0000
28.600   0.0000
28.610   0.0000
28.620   0.0000
28.630   0.0000
28.640   0.0000
28.650   0.0000
28.660   0.0000
28.670   0.0000
28.680   0.0000
28.690   0.0000
28.700   0.0000
28.710   0.0000
28.720   0.0000
28.730   0.0000
28.740   0.0000
28.750   0.0000
28.760   0.0000
28.770   0.0000
28.780   0.0000
28.790   0.0000
28.800   0.0000
28.810   0.0000
28.820   0.0000
28.830   0.0000
28.840   0.0000
28.850   0.0000
28.860   0.0000
28.870   0.0000
28.880   0.0000
28.890   0.0000
28.900   0.0000
28.910   0.0000
28.920   0.0000
28.930   0.0000
28.940   0.0000
28.950   0.0000
28.960   0.0000
28.970   0.0000
28.980   0.0000
28.990   0.0000
29.000   0.0000
29.010   0.0000
29.020   0.0000
29.030   0.0000
29.040   0.0000
29.050   0.0000
29.060   0.0000
29.070   0.0000
29.080   0.0000
29.090   0.0000
29.100   0.0000
29.110   0.0000
29.120   0.0000
29.130   0.0000
29.140   0.0000
29.150   0.0000
29.160   0.0000
29.170   0.0000
29.180   0.0000
29.190   0.0000
29.200   0.0000
29.210   0.0000
29.220   0.0000
29.230   0.0000
29.240   0.0000
29.250   0.0000
29.260   0.0000
29.270   0.0000
29.280   0.0000
29.290   0.0000
29.300   0.0000
29.310   0.0000
29.320   0.0000
29.330   0.0000
29.340   0.0000
29.350   0.0000
29.360   0.0000
29.370   0.0000
29.380   0.0000
29.390   0.0000
29.400   0.0000
29.410   0.0000
29.420   0.0000
29.430   0.0000
29.440   0.0000
29.450   0.0000
29.460   0.0000
29.470   0.0000
29.480   0.0000
29.490   0.0000
29.500   0.0000
29.510   0.0000
29.520   0.0000
29.530   0.0000
29.540   0.0000
29.550   0.0000
29.560   0.0000
29.570   0.0000
29.580   0.0000
29.590   0.0000
29.600   0.0000
29.610   0.0000
29.620   0.0000
29.630   0.0000
29.640   0.0000
29.650   0.0000
29.660   0.0000
29.670   0.0000
29.680   0.0000
29.690   0.0000
29.700   0.0000
29.710   0.0000
29.720   0.0000
29.730   0.0000
29.740   0.0000
29.750   0.0000
29.760   0.0000
29.770   0.0000
29.780   0.0000
29.790   0.0000
29.800   0.0000
29.810   0.0000
29.820   0.0000
29.830   0.0000
29.840   0.0000
29.850   0.0000
29.860   0.0000
29.870   0.0000
29.880   0.0000
29.890   0.0000
29.900   0.0000
29.910   0.0000
29.920   0.0000
29.930   0.0000
29.940   0.0000
29.950   0.0000
29.960   0.0000
29.970   0.0000
29.980   0.0000
29.990   0.0000
30.000   0.0000
30.010   0.0000
30.020   0.0000
30.030   0.0000
30.040   0.0000
30.050   0.0000
30.060   0.0000
30.070   0.0000
30.080   0.0000
30.090   0.0000
30.100   0.0000
30.110   0.0000
30.120   0.0000
30.130   0.0000
30.140   0.0000
30.150   0.0000
30.160   0.0000
30.170   0.0000
30.180   0.0000
30.190   0.0000
30.200   0.0000
30.210   0.0000
30.220   0.0000
30.230   0.0000
30.240   0.0000
30.250   0.0000
30.260   0.0000
30.270   0.0000
30.280   0.0000
30.290   0.0000
30.300   0.0000
30.310   0.0000
30.320   0.0000
30.330   0.0000
30.340   0.0000
30.350   0.0000
30.360   0.0000
30.370   0.0000
30.380   0.0000
30.390   0.0000
30.400   0.0000
30.410   0.0000
30.420   0.0000
30.430   0.0000
30.440   0.0000
30.450   0.0000
30.460   0.0000
30.470   0.0000
30.480   0.0000
30.490   0.0000
30.500   0.0000
30.510   0.0000
30.520   0.0000
30.530   0.0000
30.540   0.0000
30.550   0.0000
30.560   0.0000
30.570   0.0000
30.580   0.0000
30.590   0.0000
30.600   0.0000
30.610   0.0000
30.620   0.0000
30.630   0.0000
30.640   0.0000
30.650   0.0000
30.660   0.0000
30.670   0.0000
30.680   0.0000
30.690   0.0000
30.700   0.0000
30.710   0.0000
30.720   0.0000
30.730   0.0000
30.740   0.0000
30.750   0.0000
30.760   0.0000
30.770   0.0000
30.780   0.0000
30.790   0.0000
30.800   0.0000
30.810   0.0000
30.820   0.0000
30.830   0.0000
30.840   0.0000
30.850   0.0000
30.860   0.0000
30.870   0.0000
30.880   0.0000
30.890   0.0000
30.900   0.0000
30.910   0.0000
30.920   0.0000
30.930   0.0000
30.940   0.0000
30.950   0.0000
30.960   0.0000
30.970   0.0000
30.980   0.0000
30.990   0.0000
31.000   0.0000
31.010   0.0000
31.020   0.0000
31.030   0.0000
31.040   0.0000
31.050   0.0000
31.060   0.0000
31.070   0.0000
31.080   0.0000
31.090   0.0000
31.100   0.0000
31.110   0.0000
31.120   0.0000
31.130   0.0000
31.140   0.0000
31.150   0.0000
31.160   0.0000
31.170   0.0000
31.180   0.0000
31.190   0.0000
31.200   0.0000
31.210   0.0000
31.220   0.0000
31.230   0.0000
31.240   0.0000
31.250   0.0000
31.260   0.0000
31.270   0.0000
31.280   0.0000
31.290   0.0000
31.300   0.0000
31.310   0.0000
31.320   0.0000
31.330   0.0000
31.340   0.0000
31.350   0.0000
31.360   0.0000
31.370   0.0000
31.380   0.0000
31.390   0.0000
31.400   0.0000
31.410   0.0000
31.420   0.0000
31.430   0.0000
31.440   0.0000
31.450   0.0000
31.460   0.0000
31.470   0.0000
31.480   0.0000
31.490   0.0000
31.500   0.0000
31.510   0.0000
31.520   0.0000
31.530   0.0000
31.540   0.0000
31.550   0.0000
31.560   0.0000
31.570   0.0000
31.580   0.0000
31.590   0.0000
31.600   0.0000
31.610   0.0000
31.620   0.0000
31.630   0.0000
31.640   0.0000
31.650   0.0000
31.660   0.0000
31.670   0.0000
31.680   0.0000
31.690   0.0000
31.700   0.0000
31.710   0.0000
31.720   0.0000
31.730   0.0000
31.740   0.0000
31.750   0.0000
31.760   0.0000
31.770   0.0000
31.780   0.0000
31.790   0.0000
31.800   0.0000
31.810   0.0000
31.820   0.0000
31.830   0.0000
31.840   0.0000
31.850   0.0000
31.860   0.0000
31.870   0.0000
31.880   0.0000
31.890   0.0000
31.900   0.0000
31.910   0.0000
31.920   0.0000
31.930   0.0000
31.940   0.0000
31.950   0.0000
31.960   0.0000
31.970   0.0000
31.980   0.0000
31.990   0.0000
32.000   0.0000
32.010   0.0000
32.020   0.0000
32.030   0.0000
32.040   0.0000
32.050   0.0000
32.060   0.0000
32.070   0.0000
32.080   0.0000
32.090   0.0000
32.100   0.0000
32.110   0.0000
32.120   0.0000
32.130   0.0000
32.140   0.0000
32.150   0.0000
32.160   0.0000
32.170   0.0000
32.180   0.0000
32.190   0.0000
32.200   0.0000
32.210   0.0000
32.220   0.0000
32.230   0.0000
32.240   0.0000
32.250   0.0000
32.260   0.0000
32.270   0.0000
32.280   0.0000
32.290   0.0000
32.300   0.0000
32.310   0.0000
32.320   0.0000
32.330   0.0000
32.340   0.0000
32.350   0.0000
32.360   0.0000
32.370   0.0000
32.380   0.0000
32.390   0.0000
32.400   0.0000
32.410   0.0000
32.420   0.0000
32.430   0.0000
32.440   0.0000
32.450   0.0000
32.460   0.0000
32.470   0.0000
32.480   0.0000
32.490   0.0000
32.500   0.0000
32.510   0.0000
32.520   0.0000
32.530   0.0000
32.540   0.0000
32.550   0.0000
32.560   0.0000
32.570   0.0000
32.580   0.0000
32.590   0.0000
32.600   0.0000
32.610   0.0000
32.620   0.0000
32.630   0.0000
32.640   0.0000
32.650   0.0000
32.660   0.0000
32.670   0.0000
32.680   0.0000
32.690   0.0000
32.700   0.0000
32.710   0.0000
32.720   0.0000
32.730   0.0000
32.740   0.0000
32.750   0.0000
32.760   0.0000
32.770   0.0000
32.780   0.0000
32.790   0.0000
32.800   0.0000
32.810   0.0000
32.820   0.0000
32.830   0.0000
32.840   0.0000
32.850   0.0000
32.860   0.0000
32.870   0.0000
32.880   0.0000
32.890   0.0000
32.900   0.0000
32.910   0.0000
32.920   0.0000
32.930   0.0000
32.940   0.0000
32.950   0.0000
32.960   0.0000
32.970   0.0000
32.980   0.0000
32.990   0.0000
33.000   0.0000
33.010   0.0000
33.020   0.0000
33.030   0.0000
33.040   0.0000
33.050   0.0000
33.060   0.0000
33.070   0.0000
33.080   0.0000
33.090   0.0000
33.100   0.0000
33.110   0.0000
33.120   0.0000
33.130   0.0000
33.140   0.0000
33.150   0.0000
33.160   0.0000
33.170   0.0000
33.180   0.0000
33.190   0.0000
33.200   0.0000
33.210   0.0000
33.220   0.0000
33.230   0.0000
33.240   0.0000
33.250   0.0000
33.260   0.0000
33.270   0.0000
33.280   0.0000
33.290   0.0000
33.300   0.0000
33.310   0.0000
33.320   0.0000
33.330   0.0000
33.340   0.0000
33.350   0.0000
33.360   0.0000
33.370   0.0000
33.380   0.0000
33.390   0.0000
33.400   0.0000
33.410   0.0000
33.420   0.0000
33.430   0.0000
33.440   0.0000
33.450   0.0000
33.460   0.0000
33.470   0.0000
33.480   0.0000
33.490   0.0000
33.500   0.0000
33.510   0.0000
33.520   0.0000
33.530   0.0000
33.540   0.0000
33.550   0.0000
33.560   0.0000
33.570   0.0000
33.580   0.0000
33.590   0.0000
33.600   0.0000
33.610   0.0000
33.620   0.0000
33.630   0.0000
33.640   0.0000
33.650   0.0000
33.660   0.0000
33.670   0.0000
33.680   0.0000
33.690   0.0000
33.700   0.0000
33.710   0.0000
33.720   0.0000
33.730   0.0000
33.740   0.0000
33.750   0.0000
33.760   0.0000
33.770   0.0000
33.780   0.0000
33.790   0.0000
33.800   0.0000
33.810   0.0000
33.820   0.0000
33.830   0.0000
33.840   0.0000
33.850   0.0000
33.860   0.0000
33.870   0.0000
33.880   0.0000
33.890   0.0000
33.900   0.0000
33.910   0.0000
33.920   0.0000
33.930   0.0000
33.940   0.0000
33.950   0.0000
33.960   0.0000
33.970   0.0000
33.980   0.0000
33.990   0.0000
34.000   0.0000
34.010   0.0000
34.020   0.0000
34.030   0.0000
34.040   0.0000
34.050   0.0000
34.060   0.0000
34.070   0.0000
34.080   0.0000
34.090   0.0000
34.100   0.0000
34.110   0.0000
34.120   0.0000
34.130   0.0000
34.140   0.0000
34.150   0.0000
34.160   0.0000
34.170   0.0000
34.180   0.0000
34.190   0.0000
34.200   0.0000
34.210   0.0000
34.220   0.0000
34.230   0.0000
34.240   0.0000
34.250   0.0000
34.260   0.0000
34.270   0.0000
34.280   0.0000
34.290   0.0000
34.300   0.0000
34.310   0.0000
34.320   0.0000
34.330   0.0000
34.340   0.0000
34.350   0.0000
34.360   0.0000
34.370   0.0000
34.380   0.0000
34.390   0.0000
34.400   0.0000
34.410   0.0000
34.420   0.0000
34.430   0.0000
34.440   0.0000
34.450   0.0000
34.460   0.0000
34.470   0.0000
34.480   0.0000
34.490   0.0000
34.500   0.0000
34.510   0.0000
34.520   0.0000
34.530   0.0000
34.540   0.0000
34.550   0.0000
34.560   0.0000
34.570   0.0000
34.580   0.0000
34.590   0.0000
34.600   0.0000
34.610   0.0000
34.620   0.0000
34.630   0.0000
34.640   0.0000
34.650   0.0000
34.660   0.0000
34.670   0.0000
34.680   0.0000
34.690   0.0000
34.700   0.0000
34.710   0.0000
34.720   0.0000
34.730   0.0000
34.740   0.0000
34.750   0.0000
34.760   0.0000
34.770   0.0000
34.780   0.0000
34.790   0.0000
34.800   0.0000
34.810   0.0000
34.820   0.0000
34.830   0.0000
34.840   0.0000
34.850   0.0000
34.860   0.0000
34.870   0.0000
34.880   0.0000
34.890   0.0000
34.900   0.0000
34.910   0.0000
34.920   0.0000
34.930   0.0000
34.940   0.0000
34.950   0.0000
34.960   0.0000
34.970   0.0000
34.980   0.0000
34.990   0.0000
35.000   0.0000
35.010   0.0000
35.020   0.0000
35.030   0.0000
35.040   0.0000
35.050   0.0000
35.060   0.0000
35.070   0.0000
35.080   0.0000
35.090   0.0000
35.100   0.0000
35.110   0.0000
35.120   0.0000
35.130   0.0000
35.140   0.0000
35.150   0.0000
35.160   0.0000
35.170   0.0000
35.180   0.0000
35.190   0.0000
35.200   0.0000
35.210   0.0000
35.220   0.0000
35.230   0.0000
35.240   0.0000
35.250   0.0000
35.260   0.0000
35.270   0.0000
35.280   0.0000
35.290   0.0000
35.300   0.0000
35.310   0.0000
35.320   0.0000
35.330   0.0000
35.340   0.0000
35.350   0.0000
35.360   0.0000
35.370   0.0000
35.380   0.0000
35.390   0.0000
35.400   0.0000
35.410   0.0000
35.420   0.0000
35.430   0.0000
35.440   0.0000
35.450   0.0000
35.460   0.0000
35.470   0.0000
35.480   0.0000
35.490   0.0000
35.500   0.0000
35.510   0.0000
35.520   0.0000
35.530   0.0000
35.540   0.0000
35.550   0.0000
35.560   0.0000
35.570   0.0000
35.580   0.0000
35.590   0.0000
35.600   0.0000
35.610   0.0000
35.620   0.0000
35.630   0.0000
35.640   0.0000
35.650   0.0000
35.660   0.0000
35.670   0.0000
35.680   0.0000
35.690   0.0000
35.700   0.0000
35.710   0.0000
35.720   0.0000
35.730   0.0000
35.740   0.0000
35.750   0.0000
35.760   0.0000
35.770   0.0000
35.780   0.0000
35.790   0.0000
35.800   0.0000
35.810   0.0000
35.820   0.0000
35.830   0.0000
35.840   0.0000
35.850   0.0000
35.860   0.0000
35.870   0.0000
35.880   0.0000
35.890   0.0000
35.900   0.0000
35.910   0.0000
35.920   0.0000
35.930   0.0000
35.940   0.0000
35.950   0.0000
35.960   0.0000
35.970   0.0000
35.980   0.0000
35.990   0.0000
36.000   0.0000
36.010   0.0000
36.020   0.0000
36.030   0.0000
36.040   0.0000
36.050   0.0000
36.060   0.0000
36.070   0.0000
36.080   0.0000
36.090   0.0000
36.100   0.0000
36.110   0.0000
36.120   0.0000
36.130   0.0000
36.140   0.0000
36.150   0.0000
36.160   0.0000
36.170   0.0000
36.180   0.0000
36.190   0.0000
36.200   0.0000
36.210   0.0000
36.220   0.0000
36.230   0.0000
36.240   0.0000
36.250   0.0000
36.260   0.0000
36.270   0.0000
36.280   0.0000
36.290   0.0000
36.300   0.0000
36.310   0.0000
36.320   0.0000
36.330   0.0000
36.340   0.0000
36.350   0.0000
36.360   0.0000
36.370   0.0000
36.380   0.0000
36.390   0.0000
36.400   0.0000
36.410   0.0000
36.420   0.0000
36.430   0.0000
36.440   0.0000
36.450   0.0000
36.460   0.0000
36.470   0.0000
36.480   0.0000
36.490   0.0000
36.500   0.0000
36.510   0.0000
36.520   0.0000
36.530   0.0000
36.540   0.0000
36.550   0.0000
36.560   0.0000
36.570   0.0000
36.580   0.0000
36.590   0.0000
36.600   0.0000
36.610   0.0000
36.620   0.0000
36.630   0.0000
36.640   0.0000
36.650   0.0000
36.660   0.0000
36.670   0.0000
36.680   0.0000
36.690   0.0000
36.700   0.0000
36.710   0.0000
36.720   0.0000
36.730   0.0000
36.740   0.0000
36.750   0.0000
36.760   0.0000
36.770   0.0000
36.780   0.0000
36.790   0.0000
36.800   0.0000
36.810   0.0000
36.820   0.0000
36.830   0.0000
36.840   0.0000
36.850   0.0000
36.860   0.0000
36.870   0.0000
36.880   0.0000
36.890   0.0000
36.900   0.0000
36.910   0.0000
36.920   0.0000
36.930   0.0000
36.940   0.0000
36.950   0.0000
36.960   0.0000
36.970   0.0000
36.980   0.0000
36.990   0.0000
37.000   0.0000
37.010   0.0000
37.020   0.0000
37.030   0.0000
37.040   0.0000
37.050   0.0000
37.060   0.0000
37.070   0.0000
37.080   0.0000
37.090   0.0000
37.100   0.0000
37.110   0.0000
37.120   0.0000
37.130   0.0000
37.140   0.0000
37.150   0.0000
37.160   0.0000
37.170   0.0000
37.180   0.0000
37.190   0.0000
37.200   0.0000
37.210   0.0000
37.220   0.0000
37.230   0.0000
37.240   0.0000
37.250   0.0000
37.260   0.0000
37.270   0.0000
37.280   0.0000
37.290   0.0000
37.300   0.0000
37.310   0.0000
37.320   0.0000
37.330   0.0000
37.340   0.0000
37.350   0.0000
37.360   0.0000
37.370   0.0000
37.380   0.0000
37.390   0.0000
37.400   0.0000
37.410   0.0000
37.420   0.0000
37.430   0.0000
37.440   0.0000
37.450   0.0000
37.460   0.0000
37.470   0.0000
37.480   0.0000
37.490   0.0000
37.500   0.0000
37.510   0.0000
37.520   0.0000
37.530   0.0000
37.540   0.0000
37.550   0.0000
37.560   0.0000
37.570   0.0000
37.580   0.0000
37.590   0.0000
37.600   0.0000
37.610   0.0000
37.620   0.0000
37.630   0.0000
37.640   0.0000
37.650   0.0000
37.660   0.0000
37.670   0.0000
37.680   0.0000
37.690   0.0000
37.700   0.0000
37.710   0.0000
37.720   0.0000
37.730   0.0000
37.740   0.0000
37.750   0.0000
37.760   0.0000
37.770   0.0000
37.780   0.0000
37.790   0.0000
37.800   0.0000
37.810   0.0000
37.820   0.0000
37.830   0.0000
37.840   0.0000
37.850   0.0000
37.860   0.0000
37.870   0.0000
37.880   0.0000
37.890   0.0000
37.900   0.0000
37.910   0.0000
37.920   0.0000
37.930   0.0000
37.940   0.0000
37.950   0.0000
37.960   0.0000
37.970   0.0000
37.980   0.0000
37.990   0.0000
38.000   0.0000
38.010   0.0000
38.020   0.0000
38.030   0.0000
38.040   0.0000
38.050   0.0000
38.060   0.0000
38.070   0.0000
38.080   0.0000
38.090   0.0000
38.100   0.0000
38.110   0.0000
38.120   0.0000
38.130   0.0000
38.140   0.0000
38.150   0.0000
38.160   0.0000
38.170   0.0000
38.180   0.0000
38.190   0.0000
38.200   0.0000
38.210   0.0000
38.220   0.0000
38.230   0.0000
38.240   0.0000
38.250   0.0000
38.260   0.0000
38.270   0.0000
38.280   0.0000
38.290   0.0000
38.300   0.0000
38.310   0.0000
38.320   0.0000
38.330   0.0000
38.340   0.0000
38.350   0.0000
38.360   0.0000
38.370   0.0000
38.380   0.0000
38.390   0.0000
38.400   0.0000
38.410   0.0000
38.420   0.0000
38.430   0.0000
38.440   0.0000
38.450   0.0000
38.460   0.0000
38.470   0.0000
38.480   0.0000
38.490   0.0000
38.500   0.0000
38.510   0.0000
38.520   0.0000
38.530   0.0000
38.540   0.0000
38.550   0.0000
38.560   0.0000
38.570   0.0000
38.580   0.0000
38.590   0.0000
38.600   0.0000
38.610   0.0000
38.620   0.0000
38.630   0.0000
38.640   0.0000
38.650   0.0000
38.660   0.0000
38.670   0.0000
38.680   0.0000
38.690   0.0000
38.700   0.0000
38.710   0.0000
38.720   0.0000
38.730   0.0000
38.740   0.0000
38.750   0.0000
38.760   0.0000
38.770   0.0000
38.780   0.0000
38.790   0.0000
38.800   0.0000
38.810   0.0000
38.820   0.0000
38.830   0.0000
38.840   0.0000
38.850   0.0000
38.860   0.0000
38.870   0.0000
38.880   0.0000
38.890   0.0000
38.900   0.0000
38.910   0.0000
38.920   0.0000
38.930   0.0000
38.940   0.0000
38.950   0.0000
38.960   0.0000
38.970   0.0000
38.980   0.0000
38.990   0.0000
39.000   0.0000
39.010   0.0000
39.020   0.0000
39.030   0.0000
39.040   0.0000
39.050   0.0000
39.060   0.0000
39.070   0.0000
39.080   0.0000
39.090   0.0000
39.100   0.0000
39.110   0.0000
39.120   0.0000
39.130   0.0000
39.140   0.0000
39.150   0.0000
39.160   0.0000
39.170   0.0000
39.180   0.0000
39.190   0.0000
39.200   0.0000
39.210   0.0000
39.220   0.0000
39.230   0.0000
39.240   0.0000
39.250   0.0000
39.260   0.0000
39.270   0.0000
39.280   0.0000
39.290   0.0000
39.300   0.0000
39.310   0.0000
39.320   0.0000
39.330   0.0000
39.340   0.0000
39.350   0.0000
39.360   0.0000
39.370   0.0000
39.380   0.0000
39.390   0.0000
39.400   0.0000
39.410   0.0000
39.420   0.0000
39.430   0.0000
39.440   0.0000
39.450   0.0000
39.460   0.0000
39.470   0.0000
39.480   0.0000
39.490   0.0000
39.500   0.0000
39.510   0.0000
39.520   0.0000
39.530   0.0000
39.540   0.0000
39.550   0.0000
39.560   0.0000
39.570   0.0000
39.580   0.0000
39.590   0.0000
39.600   0.0000
39.610   0.0000
39.620   0.0000
39.630   0.0000
39.640   0.0000
39.650   0.0000
39.660   0.0000
39.670   0.0000
39.680   0.0000
39.690   0.0000
39.700   0.0000
39.710   0.0000
39.720   0.0000
39.730   0.0000
39.740   0.0000
39.750   0.0000
39.760   0.0000
39.770   0.0000
39.780   0.0000
39.790   0.0000
39.800   0.0000
39.810   0.0000
39.820   0.0000
39.830   0.0000
39.840   0.0000
39.850   0.0000
39.860   0.0000
39.870   0.0000
39.880   0.0000
39.890   0.0000
39.900   0.0000
39.910   0.0000
39.920   0.0000
39.930   0.0000
39.940   0.0000
39.950   0.0000
39.960   0.0000
39.970   0.0000
39.980   0.0000
39.990   0.0000
40.000   0.0000
40.010   0.0000
40.020   0.0000
40.030   0.0000
40.040   0.0000
40.050   0.0000
40.060   0.0000
40.070   0.0000
40.080   0.0000
40.090   0.0000
40.100   0.0000
40.110   0.0000
40.120   0.0000
40.130   0.0000
40.140   0.0000
40.150   0.0000
40.160   0.0000
40.170   0.0000
40.180   0.0000
40.190   0.0000
40.200   0.0000
40.210   0.0000
40.220   0.0000
40.230   0.0000
40.240   0.0000
40.250   0.0000
40.260   0.0000
40.270   0.0000
40.280   0.0000
40.290   0.0000
40.300   0.0000
40.310   0.0000
40.320   0.0000
40.330   0.0000
40.340   0.0000
40.350   0.0000
40.360   0.0000
40.370   0.0000
40.380   0.0000
40.390   0.0000
40.400   0.0000
40.410   0.0000
40.420   0.0000
40.430   0.0000
40.440   0.0000
40.450   0.0000
40.460   0.0000
40.470   0.0000
40.480   0.0000
40.490   0.0000
40.500   0.0000
40.510   0.0000
40.520   0.0000
40.530   0.0000
40.540   0.0000
40.550   0.0000
40.560   0.0000
40.570   0.0000
40.580   0.0000
40.590   0.0000
40.600   0.0000
40.610   0.0000
40.620   0.0000
40.630   0.0000
40.640   0.0000
40.650   0.0000
40.660   0.0000
40.670   0.0000
40.680   0.0000
40.690   0.0000
40.700   0.0000
40.710   0.0000
40.720   0.0000
40.730   0.0000
40.740   0.0000
40.750   0.0000
40.760   0.0000
40.770   0.0000
40.780   0.0000
40.790   0.0000
40.800   0.0000
40.810   0.0000
40.820   0.0000
40.830   0.0000
40.840   0.0000
40.850   0.0000
40.860   0.0000
40.870   0.0000
40.880   0.0000
40.890   0.0000
40.900   0.0000
40.910   0.0000
40.920   0.0000
40.930   0.0000
40.940   0.0000
40.950   0.0000
40.960   0.0000
40.970   0.0000
40.980   0.0000
40.990   0.0000
41.000   0.0000
41.010   0.0000
41.020   0.0000
41.030   0.0000
41.040   0.0000
41.050   0.0000
41.060   0.0000
41.070   0.0000
41.080   0.0000
41.090   0.0000
41.100   0.0000
41.110   0.0000
41.120   0.0000
41.130   0.0000
41.140   0.0000
41.150   0.0000
41.160   0.0000
41.170   0.0000
41.180   0.0000
41.190   0.0000
41.200   0.0000
41.210   0.0000
41.220   0.0000
41.230   0.0000
41.240   0.0000
41.250   0.0000
41.260   0.0000
41.270   0.0000
41.280   0.0000
41.290   0.0000
41.300   0.0000
41.310   0.0000
41.320   0.0000
41.330   0.0000
41.340   0.0000
41.350   0.0000
41.360   0.0000
41.370   0.0000
41.380   0.0000
41.390   0.0000
41.400   0.0000
41.410   0.0000
41.420   0.0000
41.430   0.0000
41.440   0.0000
41.450   0.0000
41.460   0.0000
41.470   0.0000
41.480   0.0000
41.490   0.0000
41.500   0.0000
41.510   0.0000
41.520   0.0000
41.530   0.0000
41.540   0.0000
41.550   0.0000
41.560   0.0000
41.570   0.0000
41.580   0.0000
41.590   0.0000
41.600   0.0000
41.610   0.0000
41.620   0.0000
41.630   0.0000
41.640   0.0000
41.650   0.0000
41.660   0.0000
41.670   0.0000
41.680   0.0000
41.690   0.0000
41.700   0.0000
41.710   0.0000
41.720   0.0000
41.730   0.0000
41.740   0.0000
41.750   0.0000
41.760   0.0000
41.770   0.0000
41.780   0.0000
41.790   0.0000
41.800   0.0000
41.810   0.0000
41.820   0.0000
41.830   0.0000
41.840   0.0000
41.850   0.0000
41.860   0.0000
41.870   0.0000
41.880   0.0000
41.890   0.0000
41.900   0.0000
41.910   0.0000
41.920   0.0000
41.930   0.0000
41.940   0.0000
41.950   0.0000
41.960   0.0000
41.970   0.0000
41.980   0.0000
41.990   0.0000
42.000   0.0000
42.010   0.0000
42.020   0.0000
42.030   0.0000
42.040   0.0000
42.050   0.0000
42.060   0.0000
42.070   0.0000
42.080   0.0000
42.090   0.0000
42.100   0.0000
42.110   0.0000
42.120   0.0000
42.130   0.0000
42.140   0.0000
42.150   0.0000
42.160   0.0000
42.170   0.0000
42.180   0.0000
42.190   0.0000
42.200   0.0000
42.210   0.0000
42.220   0.0000
42.230   0.0000
42.240   0.0000
42.250   0.0000
42.260   0.0000
42.270   0.0000
42.280   0.0000
42.290   0.0000
42.300   0.0000
42.310   0.0000
42.320   0.0000
42.330   0.0000
42.340   0.0000
42.350   0.0000
42.360   0.0000
42.370   0.0000
42.380   0.0000
42.390   0.0000
42.400   0.0000
42.410   0.0000
42.420   0.0000
42.430   0.0000
42.440   0.0000
42.450   0.0000
42.460   0.0000
42.470   0.0000
42.480   0.0000
42.490   0.0000
42.500   0.0000
42.510   0.0000
42.520   0.0000
42.530   0.0000
42.540   0.0000
42.550   0.0000
42.560   0.0000
42.570   0.0000
42.580   0.0000
42.590   0.0000
42.600   0.0000
42.610   0.0000
42.620   0.0000
42.630   0.0000
42.640   0.0000
42.650   0.0000
42.660   0.0000
42.670   0.0000
42.680   0.0000
42.690   0.0000
42.700   0.0000
42.710   0.0000
42.720   0.0000
42.730   0.0000
42.740   0.0000
42.750   0.0000
42.760   0.0000
42.770   0.0000
42.780   0.0000
42.790   0.0000
42.800   0.0000
42.810   0.0000
42.820   0.0000
42.830   0.0000
42.840   0.0000
42.850   0.0000
42.860   0.0000
42.870   0.0000
42.880   0.0000
42.890   0.0000
42.900   0.0000
42.910   0.0000
42.920   0.0000
42.930   0.0000
42.940   0.0000
42.950   0.0000
42.960   0.0000
42.970   0.0000
42.980   0.0000
42.990   0.0000
43.000   0.0000
43.010   0.0000
43.020   0.0000
43.030   0.0000
43.040   0.0000
43.050   0.0000
43.060   0.0000
43.070   0.0000
43.080   0.0000
43.090   0.0000
43.100   0.0000
43.110   0.0000
43.120   0.0000
43.130   0.0000
43.140   0.0000
43.150   0.0000
43.160   0.0000
43.170   0.0000
43.180   0.0000
43.190   0.0000
43.200   0.0000
43.210   0.0000
43.220   0.0000
43.230   0.0000
43.240   0.0000
43.250   0.0000
43.260   0.0000
43.270   0.0000
43.280   0.0000
43.290   0.0000
43.300   0.0000
43.310   0.0000
43.320   0.0000
43.330   0.0000
43.340   0.0000
43.350   0.0000
43.360   0.0000
43.370   0.0000
43.380   0.0000
43.390   0.0000
43.400   0.0000
43.410   0.0000
43.420   0.0000
43.430   0.0000
43.440   0.0000
43.450   0.0000
43.460   0.0000
43.470   0.0000
43.480   0.0000
43.490   0.0000
43.500   0.0000
43.510   0.0000
43.520   0.0000
43.530   0.0000
43.540   0.0000
43.550   0.0000
43.560   0.0000
43.570   0.0000
43.580   0.0000
43.590   0.0000
43.600   0.0000
43.610   0.0000
43.620   0.0000
43.630   0.0000
43.640   0.0000
43.650   0.0000
43.660   0.0000
43.670   0.0000
43.680   0.0000
43.690   0.0000
43.700   0.0000
43.710   0.0000
43.720   0.0000
43.730   0.0000
43.740   0.0000
43.750   0.0000
43.760   0.0000
43.770   0.0000
43.780   0.0000
43.790   0.0000
43.800   0.0000
43.810   0.0000
43.820   0.0000
43.830   0.0000
43.840   0.0000
43.850   0.0000
43.860   0.0000
43.870   0.0000
43.880   0.0000
43.890   0.0000
43.900   0.0000
43.910   0.0000
43.920   0.0000
43.930   0.0000
43.940   0.0000
43.950   0.0000
43.960   0.0000
43.970   0.0000
43.980   0.0000
43.990   0.0000
44.000   0.0000
44.010   0.0000
44.020   0.0000
44.030   0.0000
44.040   0.0000
44.050   0.0000
44.060   0.0000
44.070   0.0000
44.080   0.0000
44.090   0.0000
44.100   0.0000
44.110   0.0000
44.120   0.0000
44.130   0.0000
44.140   0.0000
44.150   0.0000
44.160   0.0000
44.170   0.0000
44.180   0.0000
44.190   0.0000
44.200   0.0000
44.210   0.0000
44.220   0.0000
44.230   0.0000
44.240   0.0000
44.250   0.0000
44.260   0.0000
44.270   0.0000
44.280   0.0000
44.290   0.0000
44.300   0.0000
44.310   0.0000
44.320   0.0000
44.330   0.0000
44.340   0.0000
44.350   0.0000
44.360   0.0000
44.370   0.0000
44.380   0.0000
44.390   0.0000
44.400   0.0000
44.410   0.0000
44.420   0.0000
44.430   0.0000
44.440   0.0000
44.450   0.0000
44.460   0.0000
44.470   0.0000
44.480   0.0000
44.490   0.0000
44.500   0.0000
44.510   0.0000
44.520   0.0000
44.530   0.0000
44.540   0.0000
44.550   0.0000
44.560   0.0000
44.570   0.0000
44.580   0.0000
44.590   0.0000
44.600   0.0000
44.610   0.0000
44.620   0.0000
44.630   0.0000
44.640   0.0000
44.650   0.0000
44.660   0.0000
44.670   0.0000
44.680   0.0000
44.690   0.0000
44.700   0.0000
44.710   0.0000
44.720   0.0000
44.730   0.0000
44.740   0.0000
44.750   0.0000
44.760   0.0000
44.770   0.0000
44.780   0.0000
44.790   0.0000
44.800   0.0000
44.810   0.0000
44.820   0.0000
44.830   0.0000
44.840   0.0000
44.850   0.0000
44.860   0.0000
44.870   0.0000
44.880   0.0000
